[14:07:43] [main/INFO]: Loading Minecraft 1.21.3 with Fabric Loader 0.16.9
[14:07:43] [main/INFO]: Loading 4 mods:
	- fabricloader 0.16.9
	   \-- mixinextras 0.4.1
	- java 21
	- minecraft 1.21.3
[14:07:43] [main/INFO]: SpongePowered MIXIN Subsystem Version=0.8.7 Source=file:/workspaces/MSX/servidor_minecraft/libraries/net/fabricmc/sponge-mixin/0.15.4+mixin.0.8.7/sponge-mixin-0.15.4+mixin.0.8.7.jar Service=Knot/Fabric Env=SERVER
[14:07:48] [main/INFO]: Environment: Environment[sessionHost=https://sessionserver.mojang.com, servicesHost=https://api.minecraftservices.com, name=PROD]
[14:07:49] [main/INFO]: No existing world data, creating new world
[14:07:50] [main/INFO]: Loaded 1337 recipes
[14:07:50] [main/INFO]: Loaded 1448 advancements
[14:07:50] [Server thread/INFO]: Starting minecraft server version 1.21.3
[14:07:50] [Server thread/INFO]: Loading properties
[14:07:50] [Server thread/INFO]: Default game type: SURVIVAL
[14:07:50] [Server thread/INFO]: Generating keypair
[14:07:51] [Server thread/INFO]: Starting Minecraft server on *:25565
[14:07:51] [Server thread/INFO]: Using epoll channel type
[14:07:51] [Server thread/WARN]: **** SERVER IS RUNNING IN OFFLINE/INSECURE MODE!
[14:07:51] [Server thread/WARN]: The server will make no attempt to authenticate usernames. Beware.
[14:07:51] [Server thread/WARN]: While this makes the game possible to play without internet access, it also opens up the ability for hackers to connect with any username they choose.
[14:07:51] [Server thread/WARN]: To change this, set "online-mode" to "true" in the server.properties file.
[14:07:51] [Server thread/INFO]: Preparing level "world"
[14:07:57] [Server thread/INFO]: Preparing start region for dimension minecraft:overworld
[14:07:57] [Worker-Main-2/INFO]: Preparing spawn area: 2%
[14:07:57] [Worker-Main-2/INFO]: Preparing spawn area: 2%
[14:07:58] [Worker-Main-2/INFO]: Preparing spawn area: 2%
[14:07:58] [Worker-Main-3/INFO]: Preparing spawn area: 2%
[14:07:59] [Worker-Main-3/INFO]: Preparing spawn area: 18%
[14:07:59] [Worker-Main-1/INFO]: Preparing spawn area: 18%
[14:08:00] [Worker-Main-2/INFO]: Preparing spawn area: 36%
[14:08:00] [Worker-Main-3/INFO]: Preparing spawn area: 51%
[14:08:01] [Worker-Main-1/INFO]: Preparing spawn area: 51%
[14:08:01] [Server thread/INFO]: Time elapsed: 4287 ms
[14:08:01] [Server thread/INFO]: Done (10.146s)! For help, type "help"
[14:09:01] [Server thread/INFO]: Server empty for 60 seconds, pausing
[14:15:31] [Server thread/INFO]: Made Snahzr78 a server operator
